<?xml version="1.0" encoding="UTF-8"?>
<!-- Generated by org.testng.reporters.JUnitReportReporter -->
<testsuite hostname="QAP-PC" name="myPack.Avinash" tests="4" failures="0" timestamp="5 Aug 2019 06:32:37 GMT" time="8.622" errors="0">
  <testcase name="deleteEmp" time="0.000" classname="myPack.Avinash"/>
  <testcase name="verifyLogin" time="8.615" classname="myPack.Avinash"/>
  <testcase name="editEmp" time="0.000" classname="myPack.Avinash"/>
  <testcase name="addEmp" time="0.007" classname="myPack.Avinash"/>
</testsuite> <!-- myPack.Avinash -->
